TN:Hello_test
SF:/root/git/cs6888/assign3/tcas.c
FN:47,initialize
FNDA:1578,initialize
FN:55,ALIM
FNDA:1161,ALIM
FN:60,Inhibit_Biased_Climb
FNDA:1912,Inhibit_Biased_Climb
FN:65,Own_Below_Threat
FNDA:1834,Own_Below_Threat
FN:70,Own_Above_Threat
FNDA:1175,Own_Above_Threat
FN:75,Non_Crossing_Biased_Climb
FNDA:956,Non_Crossing_Biased_Climb
FN:92,Non_Crossing_Biased_Descend
FNDA:956,Non_Crossing_Biased_Descend
FN:110,alt_sep_test
FNDA:1578,alt_sep_test
FN:142,main
FNDA:1608,main
DA:47,1578
DA:49,1578
DA:50,1578
DA:51,1578
DA:52,1578
DA:53,1578
DA:55,1161
DA:57,1161
DA:60,1912
DA:62,1912
DA:65,1834
DA:67,1834
DA:70,1175
DA:72,1175
DA:75,956
DA:80,956
DA:81,956
DA:83,520
DA:87,436
DA:89,956
DA:92,956
DA:97,956
DA:98,956
DA:100,520
DA:104,436
DA:106,956
DA:110,1578
DA:116,1578
DA:117,1578
DA:118,1578
DA:120,1578
DA:122,1578
DA:124,956
DA:125,956
DA:126,956
DA:130,0
DA:131,956
DA:132,150
DA:133,806
DA:134,128
DA:136,678
DA:139,1578
DA:142,1608
DA:146,1608
DA:148,30
DA:149,30
DA:151,1578
DA:152,1578
DA:153,1578
DA:154,1578
DA:155,1578
DA:156,1578
DA:157,1578
DA:158,1578
DA:159,1578
DA:160,1578
DA:161,1578
DA:162,1578
DA:163,1578
DA:165,1578
DA:166,1578
end_of_record
